# biosdecode 3.7
SMBIOS 2.4 present.
	Structure Table Length: 1174 bytes
	Structure Table Address: 0x000F0100
	Number Of Structures: 38
	Maximum Structure Size: 91 bytes
Intel Multiprocessor present.
	Specification Revision: 1.4
	Configuration Table Address: 0x000F0D00
	Mode: Virtual Wire
ACPI 1.0 present.
	OEM Identifier: GBT   
	RSD Table 32-bit Address: 0xD77E3040
BIOS32 Service Directory present.
	Revision: 0
	Calling Interface Address: 0x000FAEB0
PNP BIOS 1.0 present.
	Event Notification: Not Supported
	Real Mode 16-bit Code Address: F000:B628
	Real Mode 16-bit Data Address: F000:0000
	16-bit Protected Mode Code Address: 0x000FB600
	16-bit Protected Mode Data Address: 0x000F0000
