0000-0cf7 : PCI Bus 0000:00
  0000-001f : dma1
  0020-0021 : pic1
  0040-0043 : timer0
  0050-0053 : timer1
  0060-0060 : keyboard
  0061-0061 : PNP0800:00
  0064-0064 : keyboard
  0070-0073 : rtc0
  0080-008f : dma page reg
  00a0-00a1 : pic2
  00c0-00df : dma2
  00f0-00ff : PNP0C04:00
    00f0-00ff : fpu
  0290-029f : pnp 00:00
    0290-0294 : pnp 00:00
  0400-047f : pnp 00:02
    0400-0403 : ACPI PM1a_EVT_BLK
    0404-0405 : ACPI PM1a_CNT_BLK
    0408-040b : ACPI PM_TMR
    0420-042f : ACPI GPE0_BLK
    0430-0433 : iTCO_wdt.1.auto
      0430-0433 : iTCO_wdt
    0450-0450 : ACPI PM2_CNT_BLK
    0460-047f : iTCO_wdt.1.auto
      0460-047f : iTCO_wdt
  04d0-04d1 : pnp 00:00
  0500-051f : 0000:00:1f.3
  0580-05ff : gpio_ich.2.auto
    0580-05ff : pnp 00:02
      0580-05af : gpio_ich
      05b0-05bf : gpio_ich
      05c0-05cf : gpio_ich
  0800-087f : pnp 00:00
  0880-088f : pnp 00:00
0cf8-0cff : PCI conf1
0d00-ffff : PCI Bus 0000:00
  1000-1fff : PCI Bus 0000:01
  d000-dfff : PCI Bus 0000:02
    de00-deff : 0000:02:00.0
  ec00-ec0f : 0000:00:1f.5
    ec00-ec0f : ata_piix
  ed00-ed0f : 0000:00:1f.5
    ed00-ed0f : ata_piix
  ee00-ee03 : 0000:00:1f.5
    ee00-ee03 : ata_piix
  ef00-ef07 : 0000:00:1f.5
    ef00-ef07 : ata_piix
  f000-f003 : 0000:00:1f.5
    f000-f003 : ata_piix
  f100-f107 : 0000:00:1f.5
    f100-f107 : ata_piix
  f300-f30f : 0000:00:1f.2
    f300-f30f : ata_piix
  f400-f40f : 0000:00:1f.2
    f400-f40f : ata_piix
  f500-f503 : 0000:00:1f.2
    f500-f503 : ata_piix
  f600-f607 : 0000:00:1f.2
    f600-f607 : ata_piix
  f700-f703 : 0000:00:1f.2
    f700-f703 : ata_piix
  f800-f807 : 0000:00:1f.2
    f800-f807 : ata_piix
  f900-f91f : 0000:00:1d.2
    f900-f91f : uhci_hcd
  fa00-fa1f : 0000:00:1d.1
    fa00-fa1f : uhci_hcd
  fb00-fb1f : 0000:00:1d.0
    fb00-fb1f : uhci_hcd
  fc00-fc1f : 0000:00:1a.2
    fc00-fc1f : uhci_hcd
  fd00-fd1f : 0000:00:1a.1
    fd00-fd1f : uhci_hcd
  fe00-fe1f : 0000:00:1a.0
    fe00-fe1f : uhci_hcd
  ff00-ff07 : 0000:00:02.0
